TN:
SF:script/DeployFundMe.s.sol
DA:10,0
FN:10,DeployFundMe.run
FNDA:0,DeployFundMe.run
DA:12,0
DA:14,0
DA:15,0
DA:16,0
DA:18,0
DA:19,0
DA:20,0
FNF:1
FNH:0
LF:8
LH:0
BRF:0
BRH:0
end_of_record
TN:
SF:script/HelperConfig.s.sol
DA:17,1
FN:17,HelperConfig.constructor
FNDA:1,HelperConfig.constructor
DA:18,1
DA:19,0
BRDA:19,0,0,-
BRDA:18,0,1,1
DA:21,1
DA:25,0
FN:25,HelperConfig.getEthConfig
FNDA:0,HelperConfig.getEthConfig
DA:26,0
DA:29,0
DA:32,1
FN:32,HelperConfig.getAnvilConfig
FNDA:1,HelperConfig.getAnvilConfig
DA:33,1
DA:34,1
DA:35,1
DA:37,1
DA:40,1
DA:42,0
FN:42,HelperConfig.getActiveNetworkConfig
FNDA:0,HelperConfig.getActiveNetworkConfig
DA:43,0
FNF:4
FNH:2
LF:15
LH:9
BRF:2
BRH:1
end_of_record
TN:
SF:src/FundMe.sol
DA:21,1
FN:21,FundMe.constructor
FNDA:1,FundMe.constructor
DA:22,1
DA:23,1
DA:26,1
FN:26,FundMe.fund
FNDA:1,FundMe.fund
DA:27,1
BRDA:27,0,0,-
BRDA:27,0,1,1
DA:29,1
DA:30,1
DA:33,0
FN:33,FundMe.getVersion
FNDA:0,FundMe.getVersion
DA:34,0
DA:37,0
FN:37,FundMe.onlyOwner
FNDA:0,FundMe.onlyOwner
DA:39,0
BRDA:39,1,0,-
DA:43,0
FN:43,FundMe.withdraw
FNDA:0,FundMe.withdraw
DA:44,0
DA:45,0
DA:46,0
DA:48,0
DA:57,0
DA:58,0
BRDA:58,2,0,-
BRDA:58,2,1,-
DA:72,0
FN:72,FundMe.fallback
FNDA:0,FundMe.fallback
DA:73,0
DA:76,0
FN:76,FundMe.receive
FNDA:0,FundMe.receive
DA:77,0
FNF:7
FNH:2
LF:22
LH:7
BRF:5
BRH:1
end_of_record
TN:
SF:src/PriceConverter.sol
DA:10,1
FN:10,PriceConverter.getPrice
FNDA:1,PriceConverter.getPrice
DA:14,1
DA:16,1
DA:20,1
FN:20,PriceConverter.getConversionRate
FNDA:1,PriceConverter.getConversionRate
DA:21,1
DA:22,1
DA:24,1
FNF:2
FNH:2
LF:7
LH:7
BRF:0
BRH:0
end_of_record
TN:
SF:test/mocks/MockV3Aggregator.sol
DA:26,1
FN:26,MockV3Aggregator.constructor
FNDA:1,MockV3Aggregator.constructor
DA:27,1
DA:28,1
DA:31,1
FN:31,MockV3Aggregator.updateAnswer
FNDA:1,MockV3Aggregator.updateAnswer
DA:32,1
DA:33,1
DA:34,1
DA:35,1
DA:36,1
DA:37,1
DA:40,0
FN:40,MockV3Aggregator.updateRoundData
FNDA:0,MockV3Aggregator.updateRoundData
DA:41,0
DA:42,0
DA:43,0
DA:44,0
DA:45,0
DA:46,0
DA:49,0
FN:49,MockV3Aggregator.getRoundData
FNDA:0,MockV3Aggregator.getRoundData
DA:54,0
DA:57,1
FN:57,MockV3Aggregator.latestRoundData
FNDA:1,MockV3Aggregator.latestRoundData
DA:62,1
DA:71,0
FN:71,MockV3Aggregator.description
FNDA:0,MockV3Aggregator.description
DA:72,0
FNF:6
FNH:3
LF:23
LH:12
BRF:0
BRH:0
end_of_record
